<?xml version="1.0" encoding="UTF-8"?>
<!-- Generated by org.testng.reporters.JUnitXMLReporter -->
<testsuite ignored="0" hostname="Ramins-MacBook-Air.local" failures="1" tests="2" name="Test" time="106.671" errors="0" timestamp="2026-05-01T15:28:00 EDT">
  <testcase classname="Appium.TestCases.webView" name="WebView" time="7.122">
    <failure type="java.lang.AssertionError" message="expected [This i HTML content inside a WKWebView .] but found [This is HTML content inside a WKWebView .]">
      <![CDATA[java.lang.AssertionError: expected [This i HTML content inside a WKWebView .] but found [This is HTML content inside a WKWebView .]
at Appium.TestCases.webView.WebView(webView.java:27)
at java.base/java.util.ArrayList.forEach(ArrayList.java:1596)
... Removed 31 stack frames]]>
    </failure>
  </testcase> <!-- WebView -->
  <testcase classname="Appium.TestCases.alertView" name="AlertView" time="7.039"/>
</testsuite> <!-- Test -->
