<?xml version="1.0" encoding="UTF-8"?>
<!-- Generated by org.testng.reporters.JUnitXMLReporter -->
<testsuite ignored="4" hostname="Ramins-MacBook-Air.local" failures="0" tests="2" name="Test " time="80.882" errors="0" timestamp="2026-04-21T21:37:31 EDT">
  <testcase classname="resources.BaseiOS_RealDevice_With_BundleID" name="@BeforeClass config" time="0.003">
    <failure type="java.lang.NullPointerException" message="Cannot invoke &amp;quot;org.json.JSONObject.getString(String)&amp;quot; because &amp;quot;this.data&amp;quot; is null">
      <![CDATA[java.lang.NullPointerException: Cannot invoke "org.json.JSONObject.getString(String)" because "this.data" is null
at resources.BaseiOS_RealDevice_With_BundleID.config(BaseiOS_RealDevice_With_BundleID.java:36)
at java.base/java.util.ArrayList.forEach(ArrayList.java:1596)
... Removed 23 stack frames]]>
    </failure>
  </testcase> <!-- @BeforeClass config -->
  <testcase classname="Appium.TestCases.webView" name="WebView" time="6.052"/>
  <testcase classname="Appium.TestCases.alertView" name="AlertView" time="0.0">
    <skipped/>
  </testcase> <!-- AlertView -->
  <testcase classname="resources.BaseiOS_RealDevice_With_BundleID" name="@BeforeSuite getJsonPath" time="0.0">
    <ignored/>
  </testcase> <!-- @BeforeSuite getJsonPath -->
  <testcase classname="resources.BaseiOS_RealDevice_With_BundleID" name="@BeforeSuite getJsonPath" time="0.0">
    <ignored/>
  </testcase> <!-- @BeforeSuite getJsonPath -->
  <testcase classname="resources.BaseiOS_RealDevice_With_BundleID" name="@AfterSuite tearDown" time="0.0">
    <ignored/>
  </testcase> <!-- @AfterSuite tearDown -->
  <testcase classname="resources.BaseiOS_RealDevice_With_BundleID" name="@AfterSuite tearDown" time="0.0">
    <ignored/>
  </testcase> <!-- @AfterSuite tearDown -->
</testsuite> <!-- Test  -->
