<?xml version="1.0" encoding="UTF-8"?>
<!-- Generated by org.testng.reporters.JUnitXMLReporter -->
<testsuite ignored="0" hostname="Ramins-MacBook-Air.local" failures="1" tests="2" name="Test" time="107.655" errors="0" timestamp="2026-04-30T19:54:03 EDT">
  <testcase classname="Appium.TestCases.webView" name="WebView" time="6.674">
    <failure type="java.lang.AssertionError" message="expected [This i HTML content inside a WKWebView .] but found [This is HTML content inside a WKWebView .]">
      <![CDATA[java.lang.AssertionError: expected [This i HTML content inside a WKWebView .] but found [This is HTML content inside a WKWebView .]
at Appium.TestCases.webView.WebView(webView.java:27)
at java.base/java.util.ArrayList.forEach(ArrayList.java:1604)
... Removed 35 stack frames]]>
    </failure>
  </testcase> <!-- WebView -->
  <testcase classname="Appium.TestCases.alertView" name="AlertView" time="7.112"/>
</testsuite> <!-- Test -->
