<?xml version="1.0" encoding="UTF-8"?>
<testng-results ignored="0" total="2" passed="1" failed="1" skipped="0">
  <reporter-output>
  </reporter-output>
  <suite started-at="2026-05-01T15:26:13 EDT" name="Suite" finished-at="2026-05-01T15:27:59 EDT" duration-ms="106671">
    <groups>
    </groups>
    <test started-at="2026-05-01T15:26:13 EDT" name="Test" finished-at="2026-05-01T15:27:59 EDT" duration-ms="106671">
      <class name="Appium.TestCases.alertView">
        <test-method is-config="true" signature="config()[pri:0, instance:Appium.TestCases.alertView@7068e664]" started-at="2026-05-01T15:27:39 EDT" name="config" finished-at="2026-05-01T15:27:49 EDT" duration-ms="10408" status="PASS">
          <reporter-output>
          </reporter-output>
        </test-method> <!-- config -->
        <test-method signature="AlertView()[pri:0, instance:Appium.TestCases.alertView@7068e664]" started-at="2026-05-01T15:27:49 EDT" name="AlertView" finished-at="2026-05-01T15:27:56 EDT" duration-ms="7039" status="PASS">
          <reporter-output>
          </reporter-output>
        </test-method> <!-- AlertView -->
        <test-method is-config="true" signature="tearDown()[pri:0, instance:Appium.TestCases.alertView@7068e664]" started-at="2026-05-01T15:27:56 EDT" name="tearDown" finished-at="2026-05-01T15:27:59 EDT" duration-ms="3086" status="PASS">
          <reporter-output>
          </reporter-output>
        </test-method> <!-- tearDown -->
      </class> <!-- Appium.TestCases.alertView -->
      <class name="Appium.TestCases.webView">
        <test-method is-config="true" signature="config()[pri:0, instance:Appium.TestCases.webView@24959ca4]" started-at="2026-05-01T15:26:13 EDT" name="config" finished-at="2026-05-01T15:27:28 EDT" duration-ms="75391" status="PASS">
          <reporter-output>
          </reporter-output>
        </test-method> <!-- config -->
        <test-method signature="WebView()[pri:0, instance:Appium.TestCases.webView@24959ca4]" started-at="2026-05-01T15:27:28 EDT" name="WebView" finished-at="2026-05-01T15:27:35 EDT" duration-ms="7122" status="FAIL">
          <exception class="java.lang.AssertionError">
            <message>
              <![CDATA[expected [This i HTML content inside a WKWebView .] but found [This is HTML content inside a WKWebView .]]]>
            </message>
            <full-stacktrace>
              <![CDATA[java.lang.AssertionError: expected [This i HTML content inside a WKWebView .] but found [This is HTML content inside a WKWebView .]
at org.testng.Assert.fail(Assert.java:111)
at org.testng.Assert.failNotEquals(Assert.java:1590)
at org.testng.Assert.assertEqualsImpl(Assert.java:150)
at org.testng.Assert.assertEquals(Assert.java:132)
at org.testng.Assert.assertEquals(Assert.java:656)
at org.testng.Assert.assertEquals(Assert.java:666)
at Appium.TestCases.webView.WebView(webView.java:27)
at java.base/jdk.internal.reflect.DirectMethodHandleAccessor.invoke(DirectMethodHandleAccessor.java:103)
at java.base/java.lang.reflect.Method.invoke(Method.java:580)
at org.testng.internal.invokers.MethodInvocationHelper.invokeMethod(MethodInvocationHelper.java:141)
at org.testng.internal.invokers.TestInvoker.invokeMethod(TestInvoker.java:687)
at org.testng.internal.invokers.TestInvoker.invokeTestMethod(TestInvoker.java:230)
at org.testng.internal.invokers.MethodRunner.runInSequence(MethodRunner.java:63)
at org.testng.internal.invokers.TestInvoker$MethodInvocationAgent.invoke(TestInvoker.java:995)
at org.testng.internal.invokers.TestInvoker.invokeTestMethods(TestInvoker.java:203)
at org.testng.internal.invokers.TestMethodWorker.invokeTestMethods(TestMethodWorker.java:154)
at org.testng.internal.invokers.TestMethodWorker.run(TestMethodWorker.java:134)
at java.base/java.util.ArrayList.forEach(ArrayList.java:1596)
at org.testng.TestRunner.privateRun(TestRunner.java:741)
at org.testng.TestRunner.run(TestRunner.java:616)
at org.testng.SuiteRunner.runTest(SuiteRunner.java:421)
at org.testng.SuiteRunner.runSequentially(SuiteRunner.java:413)
at org.testng.SuiteRunner.privateRun(SuiteRunner.java:373)
at org.testng.SuiteRunner.run(SuiteRunner.java:312)
at org.testng.SuiteRunnerWorker.runSuite(SuiteRunnerWorker.java:52)
at org.testng.SuiteRunnerWorker.run(SuiteRunnerWorker.java:95)
at org.testng.TestNG.runSuitesSequentially(TestNG.java:1274)
at org.testng.TestNG.runSuitesLocally(TestNG.java:1208)
at org.testng.TestNG.runSuites(TestNG.java:1112)
at org.testng.TestNG.run(TestNG.java:1079)
at org.testng.remote.AbstractRemoteTestNG.run(AbstractRemoteTestNG.java:115)
at org.testng.remote.RemoteTestNG.initAndRun(RemoteTestNG.java:293)
at org.testng.remote.RemoteTestNG.main(RemoteTestNG.java:91)
]]>
            </full-stacktrace>
          </exception> <!-- java.lang.AssertionError -->
          <reporter-output>
          </reporter-output>
        </test-method> <!-- WebView -->
        <test-method is-config="true" signature="tearDown()[pri:0, instance:Appium.TestCases.webView@24959ca4]" started-at="2026-05-01T15:27:36 EDT" name="tearDown" finished-at="2026-05-01T15:27:39 EDT" duration-ms="3124" status="PASS">
          <reporter-output>
          </reporter-output>
        </test-method> <!-- tearDown -->
      </class> <!-- Appium.TestCases.webView -->
    </test> <!-- Test -->
  </suite> <!-- Suite -->
</testng-results>
